CRITICAL - 2022-11-29 02:31:23 --> Call to undefined method App\Models\manage\User_group_model::getUserGroup
in SYSTEMPATH\Model.php on line 774.
 1 APPPATH\Controllers\manage\User_group.php(22): CodeIgniter\Model->__call('getUserGroup', [])
 2 SYSTEMPATH\CodeIgniter.php(927): App\Controllers\manage\User_group->index()
 3 SYSTEMPATH\CodeIgniter.php(482): CodeIgniter\CodeIgniter->runController(Object(App\Controllers\manage\User_group))
 4 SYSTEMPATH\CodeIgniter.php(351): CodeIgniter\CodeIgniter->handleRequest(null, Object(Config\Cache), false)
 5 FCPATH\index.php(67): CodeIgniter\CodeIgniter->run()
CRITICAL - 2022-11-29 02:31:55 --> Call to undefined method App\Models\manage\User_group_model::getUserGroup
in SYSTEMPATH\Model.php on line 774.
 1 APPPATH\Controllers\manage\User_group.php(22): CodeIgniter\Model->__call('getUserGroup', [])
 2 SYSTEMPATH\CodeIgniter.php(927): App\Controllers\manage\User_group->index()
 3 SYSTEMPATH\CodeIgniter.php(482): CodeIgniter\CodeIgniter->runController(Object(App\Controllers\manage\User_group))
 4 SYSTEMPATH\CodeIgniter.php(351): CodeIgniter\CodeIgniter->handleRequest(null, Object(Config\Cache), false)
 5 FCPATH\index.php(67): CodeIgniter\CodeIgniter->run()
CRITICAL - 2022-11-29 02:42:41 --> Tập tin không hợp lệ:/manage/contents/user_group/add_user_group_view.php
in SYSTEMPATH\Exceptions\FrameworkException.php on line 33.
 1 SYSTEMPATH\View\View.php(201): CodeIgniter\Exceptions\FrameworkException::forInvalidFile('/manage/contents/user_group/add_user_group_view.php')
 2 SYSTEMPATH\Common.php(1134): CodeIgniter\View\View->render('/manage/contents/user_group/add_user_group_view', [], true)
 3 APPPATH\Views\manage\layout.php(57): view('/manage/contents/user_group/add_user_group_view', [...])
 4 SYSTEMPATH\View\View.php(213): include('APPPATH\\Views\\manage\\layout.php')
 5 SYSTEMPATH\View\View.php(216): CodeIgniter\View\View->CodeIgniter\View\{closure}()
 6 SYSTEMPATH\Common.php(1134): CodeIgniter\View\View->render('manage/layout', [], true)
 7 APPPATH\Controllers\manage\User_group.php(49): view('manage/layout', [...])
 8 SYSTEMPATH\CodeIgniter.php(927): App\Controllers\manage\User_group->add()
 9 SYSTEMPATH\CodeIgniter.php(482): CodeIgniter\CodeIgniter->runController(Object(App\Controllers\manage\User_group))
10 SYSTEMPATH\CodeIgniter.php(351): CodeIgniter\CodeIgniter->handleRequest(null, Object(Config\Cache), false)
11 FCPATH\index.php(67): CodeIgniter\CodeIgniter->run()
CRITICAL - 2022-11-29 02:43:41 --> Undefined variable $category
in APPPATH\Views\manage\contents\user_group\add_user_group_view.php on line 25.
 1 APPPATH\Views\manage\contents\user_group\add_user_group_view.php(25): CodeIgniter\Debug\Exceptions->errorHandler(2, 'Undefined variable $category', 'APPPATH\\Views\\manage\\contents\\user_group\\add_user_group_view.php', 25)
 2 SYSTEMPATH\View\View.php(213): include('APPPATH\\Views\\manage\\contents\\user_group\\add_user_group_view.php')
 3 SYSTEMPATH\View\View.php(216): CodeIgniter\View\View->CodeIgniter\View\{closure}()
 4 SYSTEMPATH\Common.php(1134): CodeIgniter\View\View->render('/manage/contents/user_group/add_user_group_view', [], true)
 5 APPPATH\Views\manage\layout.php(57): view('/manage/contents/user_group/add_user_group_view', [...])
 6 SYSTEMPATH\View\View.php(213): include('APPPATH\\Views\\manage\\layout.php')
 7 SYSTEMPATH\View\View.php(216): CodeIgniter\View\View->CodeIgniter\View\{closure}()
 8 SYSTEMPATH\Common.php(1134): CodeIgniter\View\View->render('manage/layout', [], true)
 9 APPPATH\Controllers\manage\User_group.php(49): view('manage/layout', [...])
10 SYSTEMPATH\CodeIgniter.php(927): App\Controllers\manage\User_group->add()
11 SYSTEMPATH\CodeIgniter.php(482): CodeIgniter\CodeIgniter->runController(Object(App\Controllers\manage\User_group))
12 SYSTEMPATH\CodeIgniter.php(351): CodeIgniter\CodeIgniter->handleRequest(null, Object(Config\Cache), false)
13 FCPATH\index.php(67): CodeIgniter\CodeIgniter->run()
CRITICAL - 2022-11-29 02:55:28 --> Tập tin không hợp lệ:/manage/contents/user_group/edit_user_group_view.php
in SYSTEMPATH\Exceptions\FrameworkException.php on line 33.
 1 SYSTEMPATH\View\View.php(201): CodeIgniter\Exceptions\FrameworkException::forInvalidFile('/manage/contents/user_group/edit_user_group_view.php')
 2 SYSTEMPATH\Common.php(1134): CodeIgniter\View\View->render('/manage/contents/user_group/edit_user_group_view', [], true)
 3 APPPATH\Views\manage\layout.php(57): view('/manage/contents/user_group/edit_user_group_view', [...])
 4 SYSTEMPATH\View\View.php(213): include('APPPATH\\Views\\manage\\layout.php')
 5 SYSTEMPATH\View\View.php(216): CodeIgniter\View\View->CodeIgniter\View\{closure}()
 6 SYSTEMPATH\Common.php(1134): CodeIgniter\View\View->render('manage/layout', [], true)
 7 APPPATH\Controllers\manage\User_group.php(88): view('manage/layout', [...])
 8 SYSTEMPATH\CodeIgniter.php(927): App\Controllers\manage\User_group->edit('1')
 9 SYSTEMPATH\CodeIgniter.php(482): CodeIgniter\CodeIgniter->runController(Object(App\Controllers\manage\User_group))
10 SYSTEMPATH\CodeIgniter.php(351): CodeIgniter\CodeIgniter->handleRequest(null, Object(Config\Cache), false)
11 FCPATH\index.php(67): CodeIgniter\CodeIgniter->run()
CRITICAL - 2022-11-29 02:55:44 --> Undefined variable $category
in APPPATH\Views\manage\contents\user_group\edit_user_group_view.php on line 17.
 1 APPPATH\Views\manage\contents\user_group\edit_user_group_view.php(17): CodeIgniter\Debug\Exceptions->errorHandler(2, 'Undefined variable $category', 'APPPATH\\Views\\manage\\contents\\user_group\\edit_user_group_view.php', 17)
 2 SYSTEMPATH\View\View.php(213): include('APPPATH\\Views\\manage\\contents\\user_group\\edit_user_group_view.php')
 3 SYSTEMPATH\View\View.php(216): CodeIgniter\View\View->CodeIgniter\View\{closure}()
 4 SYSTEMPATH\Common.php(1134): CodeIgniter\View\View->render('/manage/contents/user_group/edit_user_group_view', [], true)
 5 APPPATH\Views\manage\layout.php(57): view('/manage/contents/user_group/edit_user_group_view', [...])
 6 SYSTEMPATH\View\View.php(213): include('APPPATH\\Views\\manage\\layout.php')
 7 SYSTEMPATH\View\View.php(216): CodeIgniter\View\View->CodeIgniter\View\{closure}()
 8 SYSTEMPATH\Common.php(1134): CodeIgniter\View\View->render('manage/layout', [], true)
 9 APPPATH\Controllers\manage\User_group.php(88): view('manage/layout', [...])
10 SYSTEMPATH\CodeIgniter.php(927): App\Controllers\manage\User_group->edit('1')
11 SYSTEMPATH\CodeIgniter.php(482): CodeIgniter\CodeIgniter->runController(Object(App\Controllers\manage\User_group))
12 SYSTEMPATH\CodeIgniter.php(351): CodeIgniter\CodeIgniter->handleRequest(null, Object(Config\Cache), false)
13 FCPATH\index.php(67): CodeIgniter\CodeIgniter->run()
CRITICAL - 2022-11-29 02:56:41 --> Undefined property: CodeIgniter\Database\MySQLi\Result::$name
in APPPATH\Views\manage\contents\user_group\edit_user_group_view.php on line 17.
 1 APPPATH\Views\manage\contents\user_group\edit_user_group_view.php(17): CodeIgniter\Debug\Exceptions->errorHandler(2, 'Undefined property: CodeIgniter\\Database\\MySQLi\\Result::$name', 'APPPATH\\Views\\manage\\contents\\user_group\\edit_user_group_view.php', 17)
 2 SYSTEMPATH\View\View.php(213): include('APPPATH\\Views\\manage\\contents\\user_group\\edit_user_group_view.php')
 3 SYSTEMPATH\View\View.php(216): CodeIgniter\View\View->CodeIgniter\View\{closure}()
 4 SYSTEMPATH\Common.php(1134): CodeIgniter\View\View->render('/manage/contents/user_group/edit_user_group_view', [], true)
 5 APPPATH\Views\manage\layout.php(57): view('/manage/contents/user_group/edit_user_group_view', [...])
 6 SYSTEMPATH\View\View.php(213): include('APPPATH\\Views\\manage\\layout.php')
 7 SYSTEMPATH\View\View.php(216): CodeIgniter\View\View->CodeIgniter\View\{closure}()
 8 SYSTEMPATH\Common.php(1134): CodeIgniter\View\View->render('manage/layout', [], true)
 9 APPPATH\Controllers\manage\User_group.php(88): view('manage/layout', [...])
10 SYSTEMPATH\CodeIgniter.php(927): App\Controllers\manage\User_group->edit('1')
11 SYSTEMPATH\CodeIgniter.php(482): CodeIgniter\CodeIgniter->runController(Object(App\Controllers\manage\User_group))
12 SYSTEMPATH\CodeIgniter.php(351): CodeIgniter\CodeIgniter->handleRequest(null, Object(Config\Cache), false)
13 FCPATH\index.php(67): CodeIgniter\CodeIgniter->run()
