CRITICAL - 2022-12-01 08:02:21 --> Tập tin không hợp lệ:auth/passwordchangesuccess.php
in SYSTEMPATH\Exceptions\FrameworkException.php on line 33.
 1 SYSTEMPATH\View\View.php(201): CodeIgniter\Exceptions\FrameworkException::forInvalidFile('auth/passwordchangesuccess.php')
 2 SYSTEMPATH\Common.php(1134): CodeIgniter\View\View->render('auth/passwordchangesuccess', [], true)
 3 APPPATH\Controllers\auth\Forgot.php(142): view('auth/passwordchangesuccess')
 4 SYSTEMPATH\CodeIgniter.php(927): App\Controllers\auth\Forgot->updatepassword()
 5 SYSTEMPATH\CodeIgniter.php(482): CodeIgniter\CodeIgniter->runController(Object(App\Controllers\auth\Forgot))
 6 SYSTEMPATH\CodeIgniter.php(351): CodeIgniter\CodeIgniter->handleRequest(null, Object(Config\Cache), false)
 7 FCPATH\index.php(67): CodeIgniter\CodeIgniter->run()
CRITICAL - 2022-12-01 00:07:07 --> Undefined variable $data
in APPPATH\Views\manage\layout.php on line 7.
 1 APPPATH\Views\manage\layout.php(7): CodeIgniter\Debug\Exceptions->errorHandler(2, 'Undefined variable $data', 'APPPATH\\Views\\manage\\layout.php', 7)
 2 SYSTEMPATH\View\View.php(213): include('APPPATH\\Views\\manage\\layout.php')
 3 SYSTEMPATH\View\View.php(216): CodeIgniter\View\View->CodeIgniter\View\{closure}()
 4 SYSTEMPATH\Common.php(1134): CodeIgniter\View\View->render('manage/layout', [], true)
 5 APPPATH\Controllers\manage\Slider.php(19): view('manage/layout', [...])
 6 SYSTEMPATH\CodeIgniter.php(927): App\Controllers\manage\Slider->index()
 7 SYSTEMPATH\CodeIgniter.php(482): CodeIgniter\CodeIgniter->runController(Object(App\Controllers\manage\Slider))
 8 SYSTEMPATH\CodeIgniter.php(351): CodeIgniter\CodeIgniter->handleRequest(null, Object(Config\Cache), false)
 9 FCPATH\index.php(67): CodeIgniter\CodeIgniter->run()
CRITICAL - 2022-12-01 00:11:51 --> Undefined array key "site"
in APPPATH\Views\manage\layout.php on line 9.
 1 APPPATH\Views\manage\layout.php(9): CodeIgniter\Debug\Exceptions->errorHandler(2, 'Undefined array key "site"', 'APPPATH\\Views\\manage\\layout.php', 9)
 2 SYSTEMPATH\View\View.php(213): include('APPPATH\\Views\\manage\\layout.php')
 3 SYSTEMPATH\View\View.php(216): CodeIgniter\View\View->CodeIgniter\View\{closure}()
 4 SYSTEMPATH\Common.php(1134): CodeIgniter\View\View->render('manage/layout', [], true)
 5 APPPATH\Controllers\manage\Slider.php(19): view('manage/layout', [...])
 6 SYSTEMPATH\CodeIgniter.php(927): App\Controllers\manage\Slider->index()
 7 SYSTEMPATH\CodeIgniter.php(482): CodeIgniter\CodeIgniter->runController(Object(App\Controllers\manage\Slider))
 8 SYSTEMPATH\CodeIgniter.php(351): CodeIgniter\CodeIgniter->handleRequest(null, Object(Config\Cache), false)
 9 FCPATH\index.php(67): CodeIgniter\CodeIgniter->run()
CRITICAL - 2022-12-01 00:12:36 --> Tập tin không hợp lệ:/manage/contents/shopslider/slider_view.php
in SYSTEMPATH\Exceptions\FrameworkException.php on line 33.
 1 SYSTEMPATH\View\View.php(201): CodeIgniter\Exceptions\FrameworkException::forInvalidFile('/manage/contents/shopslider/slider_view.php')
 2 SYSTEMPATH\Common.php(1134): CodeIgniter\View\View->render('/manage/contents/shopslider/slider_view', [], true)
 3 APPPATH\Views\manage\layout.php(58): view('/manage/contents/shopslider/slider_view', [...])
 4 SYSTEMPATH\View\View.php(213): include('APPPATH\\Views\\manage\\layout.php')
 5 SYSTEMPATH\View\View.php(216): CodeIgniter\View\View->CodeIgniter\View\{closure}()
 6 SYSTEMPATH\Common.php(1134): CodeIgniter\View\View->render('manage/layout', [], true)
 7 APPPATH\Controllers\manage\Slider.php(32): view('manage/layout', [...])
 8 SYSTEMPATH\CodeIgniter.php(927): App\Controllers\manage\Slider->index()
 9 SYSTEMPATH\CodeIgniter.php(482): CodeIgniter\CodeIgniter->runController(Object(App\Controllers\manage\Slider))
10 SYSTEMPATH\CodeIgniter.php(351): CodeIgniter\CodeIgniter->handleRequest(null, Object(Config\Cache), false)
11 FCPATH\index.php(67): CodeIgniter\CodeIgniter->run()
CRITICAL - 2022-12-01 00:15:48 --> Undefined variable $data
in APPPATH\Views\manage\layout.php on line 7.
 1 APPPATH\Views\manage\layout.php(7): CodeIgniter\Debug\Exceptions->errorHandler(2, 'Undefined variable $data', 'APPPATH\\Views\\manage\\layout.php', 7)
 2 SYSTEMPATH\View\View.php(213): include('APPPATH\\Views\\manage\\layout.php')
 3 SYSTEMPATH\View\View.php(216): CodeIgniter\View\View->CodeIgniter\View\{closure}()
 4 SYSTEMPATH\Common.php(1134): CodeIgniter\View\View->render('manage/layout', [], true)
 5 APPPATH\Controllers\manage\Slider.php(45): view('manage/layout', [...])
 6 SYSTEMPATH\CodeIgniter.php(927): App\Controllers\manage\Slider->add()
 7 SYSTEMPATH\CodeIgniter.php(482): CodeIgniter\CodeIgniter->runController(Object(App\Controllers\manage\Slider))
 8 SYSTEMPATH\CodeIgniter.php(351): CodeIgniter\CodeIgniter->handleRequest(null, Object(Config\Cache), false)
 9 FCPATH\index.php(67): CodeIgniter\CodeIgniter->run()
CRITICAL - 2022-12-01 00:22:13 --> Undefined variable $data
in APPPATH\Views\manage\layout.php on line 7.
 1 APPPATH\Views\manage\layout.php(7): CodeIgniter\Debug\Exceptions->errorHandler(2, 'Undefined variable $data', 'APPPATH\\Views\\manage\\layout.php', 7)
 2 SYSTEMPATH\View\View.php(213): include('APPPATH\\Views\\manage\\layout.php')
 3 SYSTEMPATH\View\View.php(216): CodeIgniter\View\View->CodeIgniter\View\{closure}()
 4 SYSTEMPATH\Common.php(1134): CodeIgniter\View\View->render('manage/layout', [], true)
 5 APPPATH\Controllers\manage\Slider.php(112): view('manage/layout', [...])
 6 SYSTEMPATH\CodeIgniter.php(927): App\Controllers\manage\Slider->edit('1')
 7 SYSTEMPATH\CodeIgniter.php(482): CodeIgniter\CodeIgniter->runController(Object(App\Controllers\manage\Slider))
 8 SYSTEMPATH\CodeIgniter.php(351): CodeIgniter\CodeIgniter->handleRequest(null, Object(Config\Cache), false)
 9 FCPATH\index.php(67): CodeIgniter\CodeIgniter->run()
CRITICAL - 2022-12-01 02:21:58 --> Tập tin không hợp lệ:frontend/components/frontend/contents/home/index.php
in SYSTEMPATH\Exceptions\FrameworkException.php on line 33.
 1 SYSTEMPATH\View\View.php(201): CodeIgniter\Exceptions\FrameworkException::forInvalidFile('frontend/components/frontend/contents/home/index.php')
 2 SYSTEMPATH\Common.php(1134): CodeIgniter\View\View->render('frontend/components/frontend/contents/home/index', [], true)
 3 APPPATH\Views\frontend\layout.php(5): view('frontend/components/frontend/contents/home/index')
 4 SYSTEMPATH\View\View.php(213): include('APPPATH\\Views\\frontend\\layout.php')
 5 SYSTEMPATH\View\View.php(216): CodeIgniter\View\View->CodeIgniter\View\{closure}()
 6 SYSTEMPATH\Common.php(1134): CodeIgniter\View\View->render('frontend/layout', [], true)
 7 APPPATH\Controllers\Home.php(31): view('frontend/layout', [...])
 8 SYSTEMPATH\CodeIgniter.php(927): App\Controllers\Home->index()
 9 SYSTEMPATH\CodeIgniter.php(482): CodeIgniter\CodeIgniter->runController(Object(App\Controllers\Home))
10 SYSTEMPATH\CodeIgniter.php(351): CodeIgniter\CodeIgniter->handleRequest(null, Object(Config\Cache), false)
11 FCPATH\index.php(67): CodeIgniter\CodeIgniter->run()
